
*** Running vivado
    with args -log jackpot.vds -m64 -product Vivado -mode batch -messageDb vivado.pb -notrace -source jackpot.tcl


****** Vivado v2022.1 (64-bit)
  **** SW Build 3526262 on Mon Apr 18 15:47:01 MDT 2022
  **** IP Build 3524634 on Mon Apr 18 20:55:01 MDT 2022
    ** Copyright 1986-2022 Xilinx, Inc. All Rights Reserved.

source jackpot.tcl -notrace
Command: read_checkpoint -auto_incremental -incremental /home/ugrads/c/cedarmaxwell/Documents/ECEN449/lab1/lab1/lab1.srcs/utils_1/imports/synth_1/switch.dcp
INFO: [Vivado 12-5825] Read reference checkpoint from /home/ugrads/c/cedarmaxwell/Documents/ECEN449/lab1/lab1/lab1.srcs/utils_1/imports/synth_1/switch.dcp for incremental synthesis
INFO: [Vivado 12-7989] Please ensure there are no constraint changes
Command: synth_design -top jackpot -part xc7z010clg400-1
Starting synth_design
Attempting to get a license for feature 'Synthesis' and/or device 'xc7z010'
INFO: [Common 17-349] Got license for feature 'Synthesis' and/or device 'xc7z010'
INFO: [Device 21-403] Loading part xc7z010clg400-1
INFO: [Designutils 20-5440] No compile time benefit to using incremental synthesis; A full resynthesis will be run
INFO: [Designutils 20-4379] Flow is switching to default flow due to incremental criteria not met. If you would like to alter this behaviour and have the flow terminate instead, please set the following parameter config_implementation {autoIncr.Synth.RejectBehavior Terminate}
INFO: [Synth 8-7079] Multithreading enabled for synth_design using a maximum of 4 processes.
INFO: [Synth 8-7078] Launching helper process for spawning children vivado processes
INFO: [Synth 8-7075] Helper process launched with PID 22899
---------------------------------------------------------------------------------
Starting RTL Elaboration : Time (s): cpu = 00:00:04 ; elapsed = 00:00:04 . Memory (MB): peak = 3028.336 ; gain = 0.000 ; free physical = 171 ; free virtual = 12922
---------------------------------------------------------------------------------
INFO: [Synth 8-6157] synthesizing module 'jackpot' [/home/ugrads/c/cedarmaxwell/Documents/ECEN449/lab1/lab1/lab1.srcs/sources_1/new/jackpot.v:23]
INFO: [Synth 8-6157] synthesizing module 'clockdivider' [/home/ugrads/c/cedarmaxwell/Documents/ECEN449/lab1/lab1/lab1.srcs/sources_1/new/clockdivider.v:21]
INFO: [Synth 8-6155] done synthesizing module 'clockdivider' (0#1) [/home/ugrads/c/cedarmaxwell/Documents/ECEN449/lab1/lab1/lab1.srcs/sources_1/new/clockdivider.v:21]
INFO: [Synth 8-6155] done synthesizing module 'jackpot' (0#1) [/home/ugrads/c/cedarmaxwell/Documents/ECEN449/lab1/lab1/lab1.srcs/sources_1/new/jackpot.v:23]
WARNING: [Synth 8-3848] Net LEDS in module/entity jackpot does not have driver. [/home/ugrads/c/cedarmaxwell/Documents/ECEN449/lab1/lab1/lab1.srcs/sources_1/new/jackpot.v:23]
WARNING: [Synth 8-7129] Port RESET in module clockdivider is either unconnected or has no load
WARNING: [Synth 8-7129] Port LEDS[3] in module jackpot is either unconnected or has no load
WARNING: [Synth 8-7129] Port LEDS[2] in module jackpot is either unconnected or has no load
WARNING: [Synth 8-7129] Port LEDS[1] in module jackpot is either unconnected or has no load
WARNING: [Synth 8-7129] Port LEDS[0] in module jackpot is either unconnected or has no load
WARNING: [Synth 8-7129] Port SWITCHES[3] in module jackpot is either unconnected or has no load
WARNING: [Synth 8-7129] Port SWITCHES[2] in module jackpot is either unconnected or has no load
WARNING: [Synth 8-7129] Port SWITCHES[1] in module jackpot is either unconnected or has no load
WARNING: [Synth 8-7129] Port SWITCHES[0] in module jackpot is either unconnected or has no load
---------------------------------------------------------------------------------
Finished RTL Elaboration : Time (s): cpu = 00:00:05 ; elapsed = 00:00:06 . Memory (MB): peak = 3028.336 ; gain = 0.000 ; free physical = 1326 ; free virtual = 14044
---------------------------------------------------------------------------------
---------------------------------------------------------------------------------
Start Handling Custom Attributes
---------------------------------------------------------------------------------
---------------------------------------------------------------------------------
Finished Handling Custom Attributes : Time (s): cpu = 00:00:05 ; elapsed = 00:00:06 . Memory (MB): peak = 3028.336 ; gain = 0.000 ; free physical = 1328 ; free virtual = 14046
---------------------------------------------------------------------------------
---------------------------------------------------------------------------------
Finished RTL Optimization Phase 1 : Time (s): cpu = 00:00:05 ; elapsed = 00:00:06 . Memory (MB): peak = 3028.336 ; gain = 0.000 ; free physical = 1328 ; free virtual = 14046
---------------------------------------------------------------------------------
Netlist sorting complete. Time (s): cpu = 00:00:00.01 ; elapsed = 00:00:00 . Memory (MB): peak = 3028.336 ; gain = 0.000 ; free physical = 1321 ; free virtual = 14038
INFO: [Project 1-570] Preparing netlist for logic optimization

Processing XDC Constraints
Initializing timing engine
Parsing XDC File [/home/ugrads/c/cedarmaxwell/Documents/ECEN449/lab1/lab1/lab1.srcs/constrs_1/new/jackpot.xdc]
WARNING: [Vivado 12-584] No ports matched 'BTN0'. [/home/ugrads/c/cedarmaxwell/Documents/ECEN449/lab1/lab1/lab1.srcs/constrs_1/new/jackpot.xdc:25]
CRITICAL WARNING: [Common 17-55] 'set_property' expects at least one object. [/home/ugrads/c/cedarmaxwell/Documents/ECEN449/lab1/lab1/lab1.srcs/constrs_1/new/jackpot.xdc:25]
Resolution: If [get_<value>] was used to populate the object, check to make sure this command returns at least one valid object.
WARNING: [Vivado 12-584] No ports matched 'BTN0'. [/home/ugrads/c/cedarmaxwell/Documents/ECEN449/lab1/lab1/lab1.srcs/constrs_1/new/jackpot.xdc:26]
CRITICAL WARNING: [Common 17-55] 'set_property' expects at least one object. [/home/ugrads/c/cedarmaxwell/Documents/ECEN449/lab1/lab1/lab1.srcs/constrs_1/new/jackpot.xdc:26]
Resolution: If [get_<value>] was used to populate the object, check to make sure this command returns at least one valid object.
WARNING: [Vivado 12-584] No ports matched 'BTN1'. [/home/ugrads/c/cedarmaxwell/Documents/ECEN449/lab1/lab1/lab1.srcs/constrs_1/new/jackpot.xdc:27]
CRITICAL WARNING: [Common 17-55] 'set_property' expects at least one object. [/home/ugrads/c/cedarmaxwell/Documents/ECEN449/lab1/lab1/lab1.srcs/constrs_1/new/jackpot.xdc:27]
Resolution: If [get_<value>] was used to populate the object, check to make sure this command returns at least one valid object.
WARNING: [Vivado 12-584] No ports matched 'BTN1'. [/home/ugrads/c/cedarmaxwell/Documents/ECEN449/lab1/lab1/lab1.srcs/constrs_1/new/jackpot.xdc:28]
CRITICAL WARNING: [Common 17-55] 'set_property' expects at least one object. [/home/ugrads/c/cedarmaxwell/Documents/ECEN449/lab1/lab1/lab1.srcs/constrs_1/new/jackpot.xdc:28]
Resolution: If [get_<value>] was used to populate the object, check to make sure this command returns at least one valid object.
Finished Parsing XDC File [/home/ugrads/c/cedarmaxwell/Documents/ECEN449/lab1/lab1/lab1.srcs/constrs_1/new/jackpot.xdc]
INFO: [Project 1-236] Implementation specific constraints were found while reading constraint file [/home/ugrads/c/cedarmaxwell/Documents/ECEN449/lab1/lab1/lab1.srcs/constrs_1/new/jackpot.xdc]. These constraints will be ignored for synthesis but will be used in implementation. Impacted constraints are listed in the file [.Xil/jackpot_propImpl.xdc].
Resolution: To avoid this warning, move constraints listed in [.Xil/jackpot_propImpl.xdc] to another XDC file and exclude this new file from synthesis with the used_in_synthesis property (File Properties dialog in GUI) and re-run elaboration/synthesis.
Completed Processing XDC Constraints

Netlist sorting complete. Time (s): cpu = 00:00:00 ; elapsed = 00:00:00 . Memory (MB): peak = 3092.188 ; gain = 0.000 ; free physical = 1243 ; free virtual = 13961
INFO: [Project 1-111] Unisim Transformation Summary:
No Unisim elements were transformed.

Constraint Validation Runtime : Time (s): cpu = 00:00:00.01 ; elapsed = 00:00:00.01 . Memory (MB): peak = 3092.188 ; gain = 0.000 ; free physical = 1243 ; free virtual = 13961
INFO: [Designutils 20-5440] No compile time benefit to using incremental synthesis; A full resynthesis will be run
INFO: [Designutils 20-4379] Flow is switching to default flow due to incremental criteria not met. If you would like to alter this behaviour and have the flow terminate instead, please set the following parameter config_implementation {autoIncr.Synth.RejectBehavior Terminate}
---------------------------------------------------------------------------------
Finished Constraint Validation : Time (s): cpu = 00:00:11 ; elapsed = 00:00:12 . Memory (MB): peak = 3092.188 ; gain = 63.852 ; free physical = 1301 ; free virtual = 14019
---------------------------------------------------------------------------------
---------------------------------------------------------------------------------
Start Loading Part and Timing Information
---------------------------------------------------------------------------------
Loading part: xc7z010clg400-1
---------------------------------------------------------------------------------
Finished Loading Part and Timing Information : Time (s): cpu = 00:00:11 ; elapsed = 00:00:12 . Memory (MB): peak = 3092.188 ; gain = 63.852 ; free physical = 1301 ; free virtual = 14019
---------------------------------------------------------------------------------
---------------------------------------------------------------------------------
Start Applying 'set_property' XDC Constraints
---------------------------------------------------------------------------------
---------------------------------------------------------------------------------
Finished applying 'set_property' XDC Constraints : Time (s): cpu = 00:00:11 ; elapsed = 00:00:12 . Memory (MB): peak = 3092.188 ; gain = 63.852 ; free physical = 1301 ; free virtual = 14019
---------------------------------------------------------------------------------
---------------------------------------------------------------------------------
Finished RTL Optimization Phase 2 : Time (s): cpu = 00:00:11 ; elapsed = 00:00:13 . Memory (MB): peak = 3092.188 ; gain = 63.852 ; free physical = 1293 ; free virtual = 14012
---------------------------------------------------------------------------------
---------------------------------------------------------------------------------
Start RTL Component Statistics 
---------------------------------------------------------------------------------
Detailed RTL Component Info : 
+---Adders : 
	   2 Input   32 Bit       Adders := 1     
+---Registers : 
	               32 Bit    Registers := 1     
	                1 Bit    Registers := 1     
+---Muxes : 
	   2 Input   32 Bit        Muxes := 1     
---------------------------------------------------------------------------------
Finished RTL Component Statistics 
---------------------------------------------------------------------------------
---------------------------------------------------------------------------------
Start Part Resource Summary
---------------------------------------------------------------------------------
Part Resources:
DSPs: 80 (col length:40)
BRAMs: 120 (col length: RAMB18 40 RAMB36 20)
---------------------------------------------------------------------------------
Finished Part Resource Summary
---------------------------------------------------------------------------------
---------------------------------------------------------------------------------
Start Cross Boundary and Area Optimization
---------------------------------------------------------------------------------
WARNING: [Synth 8-7080] Parallel synthesis criteria is not met
WARNING: [Synth 8-3330] design jackpot has an empty top module
WARNING: [Synth 8-7129] Port LEDS[3] in module jackpot is either unconnected or has no load
WARNING: [Synth 8-7129] Port LEDS[2] in module jackpot is either unconnected or has no load
WARNING: [Synth 8-7129] Port LEDS[1] in module jackpot is either unconnected or has no load
WARNING: [Synth 8-7129] Port LEDS[0] in module jackpot is either unconnected or has no load
WARNING: [Synth 8-7129] Port CLOCK in module jackpot is either unconnected or has no load
WARNING: [Synth 8-7129] Port RESET in module jackpot is either unconnected or has no load
WARNING: [Synth 8-7129] Port SWITCHES[3] in module jackpot is either unconnected or has no load
WARNING: [Synth 8-7129] Port SWITCHES[2] in module jackpot is either unconnected or has no load
WARNING: [Synth 8-7129] Port SWITCHES[1] in module jackpot is either unconnected or has no load
WARNING: [Synth 8-7129] Port SWITCHES[0] in module jackpot is either unconnected or has no load
---------------------------------------------------------------------------------
Finished Cross Boundary and Area Optimization : Time (s): cpu = 00:00:12 ; elapsed = 00:00:14 . Memory (MB): peak = 3092.188 ; gain = 63.852 ; free physical = 1289 ; free virtual = 14012
---------------------------------------------------------------------------------
---------------------------------------------------------------------------------
Start Applying XDC Timing Constraints
---------------------------------------------------------------------------------
---------------------------------------------------------------------------------
Finished Applying XDC Timing Constraints : Time (s): cpu = 00:00:17 ; elapsed = 00:00:19 . Memory (MB): peak = 3092.188 ; gain = 63.852 ; free physical = 1169 ; free virtual = 13893
---------------------------------------------------------------------------------
---------------------------------------------------------------------------------
Start Timing Optimization
---------------------------------------------------------------------------------
---------------------------------------------------------------------------------
Finished Timing Optimization : Time (s): cpu = 00:00:17 ; elapsed = 00:00:19 . Memory (MB): peak = 3092.188 ; gain = 63.852 ; free physical = 1169 ; free virtual = 13893
---------------------------------------------------------------------------------
---------------------------------------------------------------------------------
Start Technology Mapping
---------------------------------------------------------------------------------
---------------------------------------------------------------------------------
Finished Technology Mapping : Time (s): cpu = 00:00:17 ; elapsed = 00:00:19 . Memory (MB): peak = 3092.188 ; gain = 63.852 ; free physical = 1168 ; free virtual = 13891
---------------------------------------------------------------------------------
---------------------------------------------------------------------------------
Start IO Insertion
---------------------------------------------------------------------------------
---------------------------------------------------------------------------------
Start Flattening Before IO Insertion
---------------------------------------------------------------------------------
---------------------------------------------------------------------------------
Finished Flattening Before IO Insertion
---------------------------------------------------------------------------------
---------------------------------------------------------------------------------
Start Final Netlist Cleanup
---------------------------------------------------------------------------------
---------------------------------------------------------------------------------
Finished Final Netlist Cleanup
---------------------------------------------------------------------------------
---------------------------------------------------------------------------------
Finished IO Insertion : Time (s): cpu = 00:00:21 ; elapsed = 00:00:23 . Memory (MB): peak = 3092.188 ; gain = 63.852 ; free physical = 1168 ; free virtual = 13892
---------------------------------------------------------------------------------
---------------------------------------------------------------------------------
Start Renaming Generated Instances
---------------------------------------------------------------------------------
---------------------------------------------------------------------------------
Finished Renaming Generated Instances : Time (s): cpu = 00:00:21 ; elapsed = 00:00:23 . Memory (MB): peak = 3092.188 ; gain = 63.852 ; free physical = 1168 ; free virtual = 13892
---------------------------------------------------------------------------------
---------------------------------------------------------------------------------
Start Rebuilding User Hierarchy
---------------------------------------------------------------------------------
---------------------------------------------------------------------------------
Finished Rebuilding User Hierarchy : Time (s): cpu = 00:00:21 ; elapsed = 00:00:23 . Memory (MB): peak = 3092.188 ; gain = 63.852 ; free physical = 1168 ; free virtual = 13892
---------------------------------------------------------------------------------
---------------------------------------------------------------------------------
Start Renaming Generated Ports
---------------------------------------------------------------------------------
---------------------------------------------------------------------------------
Finished Renaming Generated Ports : Time (s): cpu = 00:00:21 ; elapsed = 00:00:23 . Memory (MB): peak = 3092.188 ; gain = 63.852 ; free physical = 1168 ; free virtual = 13892
---------------------------------------------------------------------------------
---------------------------------------------------------------------------------
Start Handling Custom Attributes
---------------------------------------------------------------------------------
---------------------------------------------------------------------------------
Finished Handling Custom Attributes : Time (s): cpu = 00:00:21 ; elapsed = 00:00:23 . Memory (MB): peak = 3092.188 ; gain = 63.852 ; free physical = 1168 ; free virtual = 13892
---------------------------------------------------------------------------------
---------------------------------------------------------------------------------
Start Renaming Generated Nets
---------------------------------------------------------------------------------
---------------------------------------------------------------------------------
Finished Renaming Generated Nets : Time (s): cpu = 00:00:21 ; elapsed = 00:00:23 . Memory (MB): peak = 3092.188 ; gain = 63.852 ; free physical = 1168 ; free virtual = 13892
---------------------------------------------------------------------------------
---------------------------------------------------------------------------------
Start Writing Synthesis Report
---------------------------------------------------------------------------------

Report BlackBoxes: 
+-+--------------+----------+
| |BlackBox name |Instances |
+-+--------------+----------+
+-+--------------+----------+

Report Cell Usage: 
+------+------+------+
|      |Cell  |Count |
+------+------+------+
|1     |OBUFT |     4|
+------+------+------+
---------------------------------------------------------------------------------
Finished Writing Synthesis Report : Time (s): cpu = 00:00:21 ; elapsed = 00:00:23 . Memory (MB): peak = 3092.188 ; gain = 63.852 ; free physical = 1168 ; free virtual = 13892
---------------------------------------------------------------------------------
Synthesis finished with 0 errors, 0 critical warnings and 12 warnings.
Synthesis Optimization Runtime : Time (s): cpu = 00:00:20 ; elapsed = 00:00:22 . Memory (MB): peak = 3092.188 ; gain = 0.000 ; free physical = 1223 ; free virtual = 13946
Synthesis Optimization Complete : Time (s): cpu = 00:00:21 ; elapsed = 00:00:23 . Memory (MB): peak = 3092.188 ; gain = 63.852 ; free physical = 1223 ; free virtual = 13946
INFO: [Project 1-571] Translating synthesized netlist
Netlist sorting complete. Time (s): cpu = 00:00:00 ; elapsed = 00:00:00 . Memory (MB): peak = 3092.188 ; gain = 0.000 ; free physical = 1315 ; free virtual = 14038
INFO: [Project 1-570] Preparing netlist for logic optimization
INFO: [Opt 31-138] Pushed 0 inverter(s) to 0 load pin(s).
Netlist sorting complete. Time (s): cpu = 00:00:00 ; elapsed = 00:00:00 . Memory (MB): peak = 3092.188 ; gain = 0.000 ; free physical = 1251 ; free virtual = 13974
INFO: [Project 1-111] Unisim Transformation Summary:
No Unisim elements were transformed.

Synth Design complete, checksum: 3c3bf93b
INFO: [Common 17-83] Releasing license: Synthesis
23 Infos, 26 Warnings, 4 Critical Warnings and 0 Errors encountered.
synth_design completed successfully
synth_design: Time (s): cpu = 00:00:30 ; elapsed = 00:00:28 . Memory (MB): peak = 3092.188 ; gain = 68.129 ; free physical = 1462 ; free virtual = 14185
INFO: [runtcl-6] Synthesis results are not added to the cache due to CRITICAL_WARNING
INFO: [Common 17-1381] The checkpoint '/home/ugrads/c/cedarmaxwell/Documents/ECEN449/lab1/lab1/lab1.runs/synth_1/jackpot.dcp' has been generated.
INFO: [runtcl-4] Executing : report_utilization -file jackpot_utilization_synth.rpt -pb jackpot_utilization_synth.pb
INFO: [Common 17-206] Exiting Vivado at Fri Sep  8 12:17:18 2023...
