10:03:36 DEBUG : Logs will be stored at '/home/ugrads/c/cedarmaxwell/Documents/ECEN449/lab3/IDE.log'.
10:03:38 INFO  : Launching XSCT server: xsct -n  -interactive /home/ugrads/c/cedarmaxwell/Documents/ECEN449/lab3/temp_xsdb_launch_script.tcl
10:03:39 INFO  : Registering command handlers for Vitis TCF services
10:03:40 INFO  : Platform repository initialization has completed.
10:03:41 INFO  : XSCT server has started successfully.
10:03:41 INFO  : Successfully done setting XSCT server connection channel  
10:03:42 INFO  : plnx-install-location is set to ''
10:03:42 INFO  : Successfully done setting workspace for the tool. 
10:03:42 INFO  : Successfully done query RDI_DATADIR 
10:06:07 INFO  : Result from executing command 'getProjects': multiply_wrapper
10:06:07 INFO  : Result from executing command 'getPlatforms': xilinx_vck190_base_202210_1|/opt/coe/Xilinx/Vitis/2022.1/base_platforms/xilinx_vck190_base_202210_1/xilinx_vck190_base_202210_1.xpfm;xilinx_vck190_base_dfx_202210_1|/opt/coe/Xilinx/Vitis/2022.1/base_platforms/xilinx_vck190_base_dfx_202210_1/xilinx_vck190_base_dfx_202210_1.xpfm;xilinx_vmk180_base_202210_1|/opt/coe/Xilinx/Vitis/2022.1/base_platforms/xilinx_vmk180_base_202210_1/xilinx_vmk180_base_202210_1.xpfm;xilinx_zcu102_base_202210_1|/opt/coe/Xilinx/Vitis/2022.1/base_platforms/xilinx_zcu102_base_202210_1/xilinx_zcu102_base_202210_1.xpfm;xilinx_zcu102_base_dfx_202210_1|/opt/coe/Xilinx/Vitis/2022.1/base_platforms/xilinx_zcu102_base_dfx_202210_1/xilinx_zcu102_base_dfx_202210_1.xpfm;xilinx_zcu104_base_202210_1|/opt/coe/Xilinx/Vitis/2022.1/base_platforms/xilinx_zcu104_base_202210_1/xilinx_zcu104_base_202210_1.xpfm
10:06:08 WARN  : An unexpected exception occurred in the module 'platform project logging'
10:06:11 INFO  : Platform 'multiply_wrapper' is added to custom repositories.
10:06:21 INFO  : Platform 'multiply_wrapper' is added to custom repositories.
10:10:38 INFO  : Result from executing command 'getProjects': multiply_wrapper
10:10:38 INFO  : Result from executing command 'getPlatforms': multiply_wrapper|/home/ugrads/c/cedarmaxwell/Documents/ECEN449/lab3/multiply_wrapper/export/multiply_wrapper/multiply_wrapper.xpfm;xilinx_vck190_base_202210_1|/opt/coe/Xilinx/Vitis/2022.1/base_platforms/xilinx_vck190_base_202210_1/xilinx_vck190_base_202210_1.xpfm;xilinx_vck190_base_dfx_202210_1|/opt/coe/Xilinx/Vitis/2022.1/base_platforms/xilinx_vck190_base_dfx_202210_1/xilinx_vck190_base_dfx_202210_1.xpfm;xilinx_vmk180_base_202210_1|/opt/coe/Xilinx/Vitis/2022.1/base_platforms/xilinx_vmk180_base_202210_1/xilinx_vmk180_base_202210_1.xpfm;xilinx_zcu102_base_202210_1|/opt/coe/Xilinx/Vitis/2022.1/base_platforms/xilinx_zcu102_base_202210_1/xilinx_zcu102_base_202210_1.xpfm;xilinx_zcu102_base_dfx_202210_1|/opt/coe/Xilinx/Vitis/2022.1/base_platforms/xilinx_zcu102_base_dfx_202210_1/xilinx_zcu102_base_dfx_202210_1.xpfm;xilinx_zcu104_base_202210_1|/opt/coe/Xilinx/Vitis/2022.1/base_platforms/xilinx_zcu104_base_202210_1/xilinx_zcu104_base_202210_1.xpfm
10:10:51 INFO  : Checking for BSP changes to sync application flags for project 'multiply_test'...
08:20:45 DEBUG : Logs will be stored at '/home/ugrads/c/cedarmaxwell/Documents/ECEN449/lab3/IDE.log'.
08:20:45 INFO  : Launching XSCT server: xsct -n  -interactive /home/ugrads/c/cedarmaxwell/Documents/ECEN449/lab3/temp_xsdb_launch_script.tcl
08:20:48 INFO  : XSCT server has started successfully.
08:20:48 INFO  : plnx-install-location is set to ''
08:20:48 INFO  : Successfully done setting XSCT server connection channel  
08:20:48 INFO  : Successfully done setting workspace for the tool. 
08:20:51 INFO  : Successfully done query RDI_DATADIR 
08:20:52 INFO  : Registering command handlers for Vitis TCF services
08:20:53 INFO  : Platform repository initialization has completed.
08:26:23 INFO  : Checking for BSP changes to sync application flags for project 'multiply_test'...
08:26:32 ERROR : (XSDB Server)ERROR: [Hsi 55-1571] The design file /home/ugrads/c/cedarmaxwell/Documents/ECEN449/lab3/multiply_wrapper/export/multiply_wrapper/hw/multiply_wrapper.xsa is already opened

08:29:01 INFO  : Checking for BSP changes to sync application flags for project 'multiply_test'...
08:29:05 ERROR : (XSDB Server)ERROR: [Hsi 55-1571] The design file /home/ugrads/c/cedarmaxwell/Documents/ECEN449/lab3/multiply_wrapper/export/multiply_wrapper/hw/multiply_wrapper.xsa is already opened

08:29:43 INFO  : Connected to target on host '127.0.0.1' and port '3121'.
08:29:44 INFO  : 'targets -set -filter {jtag_cable_name =~ "Digilent Zybo Z7 210351AB72F1A" && level==0 && jtag_device_ctx=="jsn-Zybo Z7-210351AB72F1A-13722093-0"}' command is executed.
08:29:45 INFO  : Device configured successfully with "/home/ugrads/c/cedarmaxwell/Documents/ECEN449/lab3/multiply_test/_ide/bitstream/multiply_wrapper.bit"
08:30:07 INFO  : Connected to target on host '127.0.0.1' and port '3121'.
08:30:07 INFO  : Jtag cable 'Digilent Zybo Z7 210351AB72F1A' is selected.
08:30:07 INFO  : 'jtag frequency' command is executed.
08:30:07 INFO  : Context for 'APU' is selected.
08:30:07 INFO  : System reset is completed.
08:30:10 INFO  : 'after 3000' command is executed.
08:30:10 INFO  : 'targets -set -filter {jtag_cable_name =~ "Digilent Zybo Z7 210351AB72F1A" && level==0 && jtag_device_ctx=="jsn-Zybo Z7-210351AB72F1A-13722093-0"}' command is executed.
08:30:12 INFO  : Device configured successfully with "/home/ugrads/c/cedarmaxwell/Documents/ECEN449/lab3/multiply_test/_ide/bitstream/multiply_wrapper.bit"
08:30:12 INFO  : Context for 'APU' is selected.
08:30:12 INFO  : Hardware design and registers information is loaded from '/home/ugrads/c/cedarmaxwell/Documents/ECEN449/lab3/multiply_wrapper/export/multiply_wrapper/hw/multiply_wrapper.xsa'.
08:30:12 INFO  : 'configparams force-mem-access 1' command is executed.
08:30:12 INFO  : Context for 'APU' is selected.
08:30:12 INFO  : Sourcing of '/home/ugrads/c/cedarmaxwell/Documents/ECEN449/lab3/multiply_test/_ide/psinit/ps7_init.tcl' is done.
08:30:12 INFO  : 'ps7_init' command is executed.
08:30:12 INFO  : 'ps7_post_config' command is executed.
08:30:12 INFO  : Context for processor 'ps7_cortexa9_0' is selected.
08:30:13 INFO  : The application '/home/ugrads/c/cedarmaxwell/Documents/ECEN449/lab3/multiply_test/Debug/multiply_test.elf' is downloaded to processor 'ps7_cortexa9_0'.
08:30:13 INFO  : 'configparams force-mem-access 0' command is executed.
08:30:13 INFO  : ----------------XSDB Script----------------
connect -url tcp:127.0.0.1:3121
targets -set -nocase -filter {name =~"APU*"}
rst -system
after 3000
targets -set -filter {jtag_cable_name =~ "Digilent Zybo Z7 210351AB72F1A" && level==0 && jtag_device_ctx=="jsn-Zybo Z7-210351AB72F1A-13722093-0"}
fpga -file /home/ugrads/c/cedarmaxwell/Documents/ECEN449/lab3/multiply_test/_ide/bitstream/multiply_wrapper.bit
targets -set -nocase -filter {name =~"APU*"}
loadhw -hw /home/ugrads/c/cedarmaxwell/Documents/ECEN449/lab3/multiply_wrapper/export/multiply_wrapper/hw/multiply_wrapper.xsa -mem-ranges [list {0x40000000 0xbfffffff}] -regs
configparams force-mem-access 1
targets -set -nocase -filter {name =~"APU*"}
source /home/ugrads/c/cedarmaxwell/Documents/ECEN449/lab3/multiply_test/_ide/psinit/ps7_init.tcl
ps7_init
ps7_post_config
targets -set -nocase -filter {name =~ "*A9*#0"}
dow /home/ugrads/c/cedarmaxwell/Documents/ECEN449/lab3/multiply_test/Debug/multiply_test.elf
configparams force-mem-access 0
----------------End of Script----------------

08:30:13 INFO  : Context for processor 'ps7_cortexa9_0' is selected.
08:30:13 INFO  : 'con' command is executed.
08:30:13 INFO  : ----------------XSDB Script (After Launch)----------------
targets -set -nocase -filter {name =~ "*A9*#0"}
con
----------------End of Script----------------

08:30:13 INFO  : Launch script is exported to file '/home/ugrads/c/cedarmaxwell/Documents/ECEN449/lab3/multiply_test_system/_ide/scripts/debugger_multiply_test-default.tcl'
08:31:43 INFO  : Disconnected from the channel tcfchan#3.
08:31:44 INFO  : Connected to target on host '127.0.0.1' and port '3121'.
08:31:53 INFO  : ----------------XSDB Script----------------
connect -url tcp:127.0.0.1:3121
----------------End of Script----------------

08:31:53 ERROR : Could not find ARM device on the board for connection 'Local'.
Check if the target is in:
1. Split JTAG - No operations are possible with ARM DAP.
2. Non JTAG bootmode - Bootrom may need time to enable DAP.
Please try again.


Troubleshooting hints:
1. Check whether board is connected to system properly.
2. In case of zynq board, check whether Digilent/Xilinx cable switch settings are correct.
3. If you are using Xilinx Platform Cable USB, ensure that status LED is green.
08:37:34 INFO  : Checking for BSP changes to sync application flags for project 'multiply_test'...
08:37:42 ERROR : (XSDB Server)ERROR: [Hsi 55-1571] The design file /home/ugrads/c/cedarmaxwell/Documents/ECEN449/lab3/multiply_wrapper/export/multiply_wrapper/hw/multiply_wrapper.xsa is already opened

08:39:19 INFO  : Connected to target on host '127.0.0.1' and port '3121'.
08:39:20 INFO  : 'targets -set -filter {jtag_cable_name =~ "Digilent Zybo Z7 210351AB72F1A" && level==0 && jtag_device_ctx=="jsn-Zybo Z7-210351AB72F1A-13722093-0"}' command is executed.
08:39:21 INFO  : Device configured successfully with "/home/ugrads/c/cedarmaxwell/Documents/ECEN449/lab3/multiply_test/_ide/bitstream/multiply_wrapper.bit"
08:39:37 INFO  : Connected to target on host '127.0.0.1' and port '3121'.
08:39:37 INFO  : Jtag cable 'Digilent Zybo Z7 210351AB72F1A' is selected.
08:39:37 INFO  : 'jtag frequency' command is executed.
08:39:37 INFO  : Context for 'APU' is selected.
08:39:37 INFO  : System reset is completed.
08:39:40 INFO  : 'after 3000' command is executed.
08:39:41 INFO  : 'targets -set -filter {jtag_cable_name =~ "Digilent Zybo Z7 210351AB72F1A" && level==0 && jtag_device_ctx=="jsn-Zybo Z7-210351AB72F1A-13722093-0"}' command is executed.
08:39:42 INFO  : Device configured successfully with "/home/ugrads/c/cedarmaxwell/Documents/ECEN449/lab3/multiply_test/_ide/bitstream/multiply_wrapper.bit"
08:39:42 INFO  : Context for 'APU' is selected.
08:39:42 INFO  : Hardware design and registers information is loaded from '/home/ugrads/c/cedarmaxwell/Documents/ECEN449/lab3/multiply_wrapper/export/multiply_wrapper/hw/multiply_wrapper.xsa'.
08:39:42 INFO  : 'configparams force-mem-access 1' command is executed.
08:39:42 INFO  : Context for 'APU' is selected.
08:39:42 INFO  : Sourcing of '/home/ugrads/c/cedarmaxwell/Documents/ECEN449/lab3/multiply_test/_ide/psinit/ps7_init.tcl' is done.
08:39:42 INFO  : 'ps7_init' command is executed.
08:39:42 INFO  : 'ps7_post_config' command is executed.
08:39:42 INFO  : Context for processor 'ps7_cortexa9_0' is selected.
08:39:43 INFO  : The application '/home/ugrads/c/cedarmaxwell/Documents/ECEN449/lab3/multiply_test/Debug/multiply_test.elf' is downloaded to processor 'ps7_cortexa9_0'.
08:39:43 INFO  : 'configparams force-mem-access 0' command is executed.
08:39:43 INFO  : ----------------XSDB Script----------------
connect -url tcp:127.0.0.1:3121
targets -set -nocase -filter {name =~"APU*"}
rst -system
after 3000
targets -set -filter {jtag_cable_name =~ "Digilent Zybo Z7 210351AB72F1A" && level==0 && jtag_device_ctx=="jsn-Zybo Z7-210351AB72F1A-13722093-0"}
fpga -file /home/ugrads/c/cedarmaxwell/Documents/ECEN449/lab3/multiply_test/_ide/bitstream/multiply_wrapper.bit
targets -set -nocase -filter {name =~"APU*"}
loadhw -hw /home/ugrads/c/cedarmaxwell/Documents/ECEN449/lab3/multiply_wrapper/export/multiply_wrapper/hw/multiply_wrapper.xsa -mem-ranges [list {0x40000000 0xbfffffff}] -regs
configparams force-mem-access 1
targets -set -nocase -filter {name =~"APU*"}
source /home/ugrads/c/cedarmaxwell/Documents/ECEN449/lab3/multiply_test/_ide/psinit/ps7_init.tcl
ps7_init
ps7_post_config
targets -set -nocase -filter {name =~ "*A9*#0"}
dow /home/ugrads/c/cedarmaxwell/Documents/ECEN449/lab3/multiply_test/Debug/multiply_test.elf
configparams force-mem-access 0
----------------End of Script----------------

08:39:43 INFO  : Context for processor 'ps7_cortexa9_0' is selected.
08:39:43 INFO  : 'con' command is executed.
08:39:43 INFO  : ----------------XSDB Script (After Launch)----------------
targets -set -nocase -filter {name =~ "*A9*#0"}
con
----------------End of Script----------------

08:39:43 INFO  : Launch script is exported to file '/home/ugrads/c/cedarmaxwell/Documents/ECEN449/lab3/multiply_test_system/_ide/scripts/debugger_multiply_test-default.tcl'
08:45:59 INFO  : Disconnected from the channel tcfchan#4.
08:46:00 INFO  : Connected to target on host '127.0.0.1' and port '3121'.
08:46:03 INFO  : Jtag cable 'Digilent Zybo Z7 210351AB72F1A' is selected.
08:46:03 INFO  : 'jtag frequency' command is executed.
08:46:03 INFO  : Context for 'APU' is selected.
08:46:03 INFO  : System reset is completed.
08:46:06 INFO  : 'after 3000' command is executed.
08:46:06 INFO  : 'targets -set -filter {jtag_cable_name =~ "Digilent Zybo Z7 210351AB72F1A" && level==0 && jtag_device_ctx=="jsn-Zybo Z7-210351AB72F1A-13722093-0"}' command is executed.
08:46:07 INFO  : Device configured successfully with "/home/ugrads/c/cedarmaxwell/Documents/ECEN449/lab3/multiply_test/_ide/bitstream/multiply_wrapper.bit"
08:46:07 INFO  : Context for 'APU' is selected.
08:46:09 INFO  : Hardware design and registers information is loaded from '/home/ugrads/c/cedarmaxwell/Documents/ECEN449/lab3/multiply_wrapper/export/multiply_wrapper/hw/multiply_wrapper.xsa'.
08:46:09 INFO  : 'configparams force-mem-access 1' command is executed.
08:46:10 INFO  : Context for 'APU' is selected.
08:46:10 INFO  : Sourcing of '/home/ugrads/c/cedarmaxwell/Documents/ECEN449/lab3/multiply_test/_ide/psinit/ps7_init.tcl' is done.
08:46:10 INFO  : 'ps7_init' command is executed.
08:46:10 INFO  : 'ps7_post_config' command is executed.
08:46:10 INFO  : Context for processor 'ps7_cortexa9_0' is selected.
08:46:10 INFO  : The application '/home/ugrads/c/cedarmaxwell/Documents/ECEN449/lab3/multiply_test/Debug/multiply_test.elf' is downloaded to processor 'ps7_cortexa9_0'.
08:46:10 INFO  : 'configparams force-mem-access 0' command is executed.
08:46:10 INFO  : ----------------XSDB Script----------------
connect -url tcp:127.0.0.1:3121
targets -set -nocase -filter {name =~"APU*"}
rst -system
after 3000
targets -set -filter {jtag_cable_name =~ "Digilent Zybo Z7 210351AB72F1A" && level==0 && jtag_device_ctx=="jsn-Zybo Z7-210351AB72F1A-13722093-0"}
fpga -file /home/ugrads/c/cedarmaxwell/Documents/ECEN449/lab3/multiply_test/_ide/bitstream/multiply_wrapper.bit
targets -set -nocase -filter {name =~"APU*"}
loadhw -hw /home/ugrads/c/cedarmaxwell/Documents/ECEN449/lab3/multiply_wrapper/export/multiply_wrapper/hw/multiply_wrapper.xsa -mem-ranges [list {0x40000000 0xbfffffff}] -regs
configparams force-mem-access 1
targets -set -nocase -filter {name =~"APU*"}
source /home/ugrads/c/cedarmaxwell/Documents/ECEN449/lab3/multiply_test/_ide/psinit/ps7_init.tcl
ps7_init
ps7_post_config
targets -set -nocase -filter {name =~ "*A9*#0"}
dow /home/ugrads/c/cedarmaxwell/Documents/ECEN449/lab3/multiply_test/Debug/multiply_test.elf
configparams force-mem-access 0
----------------End of Script----------------

08:46:10 INFO  : Context for processor 'ps7_cortexa9_0' is selected.
08:46:10 INFO  : 'con' command is executed.
08:46:10 INFO  : ----------------XSDB Script (After Launch)----------------
targets -set -nocase -filter {name =~ "*A9*#0"}
con
----------------End of Script----------------

08:46:10 INFO  : Launch script is exported to file '/home/ugrads/c/cedarmaxwell/Documents/ECEN449/lab3/multiply_test_system/_ide/scripts/debugger_multiply_test-default.tcl'
08:46:31 INFO  : Checking for BSP changes to sync application flags for project 'multiply_test'...
08:46:38 ERROR : (XSDB Server)ERROR: [Hsi 55-1571] The design file /home/ugrads/c/cedarmaxwell/Documents/ECEN449/lab3/multiply_wrapper/export/multiply_wrapper/hw/multiply_wrapper.xsa is already opened

08:46:51 INFO  : Connected to target on host '127.0.0.1' and port '3121'.
08:46:51 INFO  : 'targets -set -filter {jtag_cable_name =~ "Digilent Zybo Z7 210351AB72F1A" && level==0 && jtag_device_ctx=="jsn-Zybo Z7-210351AB72F1A-13722093-0"}' command is executed.
08:46:52 INFO  : Device configured successfully with "/home/ugrads/c/cedarmaxwell/Documents/ECEN449/lab3/multiply_test/_ide/bitstream/multiply_wrapper.bit"
08:47:12 INFO  : Disconnected from the channel tcfchan#6.
08:47:13 INFO  : Connected to target on host '127.0.0.1' and port '3121'.
08:47:22 INFO  : ----------------XSDB Script----------------
connect -url tcp:127.0.0.1:3121
----------------End of Script----------------

08:47:22 ERROR : Could not find ARM device on the board for connection 'Local'.
Check if the target is in:
1. Split JTAG - No operations are possible with ARM DAP.
2. Non JTAG bootmode - Bootrom may need time to enable DAP.
Please try again.


Troubleshooting hints:
1. Check whether board is connected to system properly.
2. In case of zynq board, check whether Digilent/Xilinx cable switch settings are correct.
3. If you are using Xilinx Platform Cable USB, ensure that status LED is green.
08:47:34 INFO  : Connected to target on host '127.0.0.1' and port '3121'.
08:47:35 INFO  : Jtag cable 'Digilent Zybo Z7 210351AB72F1A' is selected.
08:47:35 INFO  : 'jtag frequency' command is executed.
08:47:35 INFO  : Context for 'APU' is selected.
08:47:35 INFO  : System reset is completed.
08:47:38 INFO  : 'after 3000' command is executed.
08:47:38 INFO  : 'targets -set -filter {jtag_cable_name =~ "Digilent Zybo Z7 210351AB72F1A" && level==0 && jtag_device_ctx=="jsn-Zybo Z7-210351AB72F1A-13722093-0"}' command is executed.
08:47:39 INFO  : Device configured successfully with "/home/ugrads/c/cedarmaxwell/Documents/ECEN449/lab3/multiply_test/_ide/bitstream/multiply_wrapper.bit"
08:47:39 INFO  : Context for 'APU' is selected.
08:47:42 INFO  : Hardware design and registers information is loaded from '/home/ugrads/c/cedarmaxwell/Documents/ECEN449/lab3/multiply_wrapper/export/multiply_wrapper/hw/multiply_wrapper.xsa'.
08:47:42 INFO  : 'configparams force-mem-access 1' command is executed.
08:47:42 INFO  : Context for 'APU' is selected.
08:47:42 INFO  : Sourcing of '/home/ugrads/c/cedarmaxwell/Documents/ECEN449/lab3/multiply_test/_ide/psinit/ps7_init.tcl' is done.
08:47:42 INFO  : 'ps7_init' command is executed.
08:47:42 INFO  : 'ps7_post_config' command is executed.
08:47:42 INFO  : Context for processor 'ps7_cortexa9_0' is selected.
08:47:43 INFO  : The application '/home/ugrads/c/cedarmaxwell/Documents/ECEN449/lab3/multiply_test/Debug/multiply_test.elf' is downloaded to processor 'ps7_cortexa9_0'.
08:47:43 INFO  : 'configparams force-mem-access 0' command is executed.
08:47:43 INFO  : ----------------XSDB Script----------------
connect -url tcp:127.0.0.1:3121
targets -set -nocase -filter {name =~"APU*"}
rst -system
after 3000
targets -set -filter {jtag_cable_name =~ "Digilent Zybo Z7 210351AB72F1A" && level==0 && jtag_device_ctx=="jsn-Zybo Z7-210351AB72F1A-13722093-0"}
fpga -file /home/ugrads/c/cedarmaxwell/Documents/ECEN449/lab3/multiply_test/_ide/bitstream/multiply_wrapper.bit
targets -set -nocase -filter {name =~"APU*"}
loadhw -hw /home/ugrads/c/cedarmaxwell/Documents/ECEN449/lab3/multiply_wrapper/export/multiply_wrapper/hw/multiply_wrapper.xsa -mem-ranges [list {0x40000000 0xbfffffff}] -regs
configparams force-mem-access 1
targets -set -nocase -filter {name =~"APU*"}
source /home/ugrads/c/cedarmaxwell/Documents/ECEN449/lab3/multiply_test/_ide/psinit/ps7_init.tcl
ps7_init
ps7_post_config
targets -set -nocase -filter {name =~ "*A9*#0"}
dow /home/ugrads/c/cedarmaxwell/Documents/ECEN449/lab3/multiply_test/Debug/multiply_test.elf
configparams force-mem-access 0
----------------End of Script----------------

08:47:43 INFO  : Context for processor 'ps7_cortexa9_0' is selected.
08:47:43 INFO  : 'con' command is executed.
08:47:43 INFO  : ----------------XSDB Script (After Launch)----------------
targets -set -nocase -filter {name =~ "*A9*#0"}
con
----------------End of Script----------------

08:47:43 INFO  : Launch script is exported to file '/home/ugrads/c/cedarmaxwell/Documents/ECEN449/lab3/multiply_test_system/_ide/scripts/debugger_multiply_test-default.tcl'
08:56:11 INFO  : Disconnected from the channel tcfchan#8.
